{"/workspaces/lilypad/src/components/ui/Button.tsx": {"path":"/workspaces/lilypad/src/components/ui/Button.tsx","statementMap":{"0":{"start":{"line":9,"column":17},"end":{"line":13,"column":null}},"1":{"start":{"line":15,"column":14},"end":{"line":19,"column":null}},"2":{"start":{"line":28,"column":2},"end":{"line":41,"column":null}}},"fnMap":{"0":{"name":"Button","decl":{"start":{"line":21,"column":24},"end":{"line":21,"column":31}},"loc":{"start":{"line":27,"column":16},"end":{"line":43,"column":null}},"line":27}},"branchMap":{"0":{"loc":{"start":{"line":22,"column":2},"end":{"line":22,"column":null}},"type":"default-arg","locations":[{"start":{"line":22,"column":12},"end":{"line":22,"column":null}}],"line":22},"1":{"loc":{"start":{"line":23,"column":2},"end":{"line":23,"column":null}},"type":"default-arg","locations":[{"start":{"line":23,"column":9},"end":{"line":23,"column":null}}],"line":23},"2":{"loc":{"start":{"line":24,"column":2},"end":{"line":24,"column":null}},"type":"default-arg","locations":[{"start":{"line":24,"column":14},"end":{"line":24,"column":null}}],"line":24}},"s":{"0":1,"1":1,"2":5},"f":{"0":5},"b":{"0":[5],"1":[5],"2":[5]},"meta":{"lastBranch":3,"lastFunction":1,"lastStatement":3,"seen":{"s:9:17:13:Infinity":0,"s:15:14:19:Infinity":1,"f:21:24:21:31":0,"b:22:12:22:Infinity":0,"b:23:9:23:Infinity":1,"b:24:14:24:Infinity":2,"s:28:2:41:Infinity":2}}}
}
